c:\vsdev\computergraphics\vs2019\insightengine\insightengine\debug\source.obj
c:\vsdev\computergraphics\vs2019\insightengine\insightengine\debug\mouseclass.obj
c:\vsdev\computergraphics\vs2019\insightengine\insightengine\debug\mouseevent.obj
c:\vsdev\computergraphics\vs2019\insightengine\insightengine\debug\engine.obj
c:\vsdev\computergraphics\vs2019\insightengine\insightengine\debug\windowcontainer.obj
c:\vsdev\computergraphics\vs2019\insightengine\insightengine\debug\keyboardevent.obj
c:\vsdev\computergraphics\vs2019\insightengine\insightengine\debug\stringhelper.obj
c:\vsdev\computergraphics\vs2019\insightengine\insightengine\debug\errorlogger.obj
c:\vsdev\computergraphics\vs2019\insightengine\insightengine\debug\keyboardclass.obj
c:\vsdev\computergraphics\vs2019\insightengine\insightengine\debug\renderwindow.obj
c:\vsdev\computergraphics\vs2019\insightengine\insightengine\debug\vc142.pdb
c:\vsdev\computergraphics\vs2019\insightengine\insightengine\debug\vc142.idb
c:\vsdev\computergraphics\vs2019\insightengine\insightengine\debug\graphics.obj
c:\vsdev\computergraphics\vs2019\insightengine\insightengine\debug\adapterreader.obj
c:\vsdev\computergraphics\vs2019\insightengine\debug\insightengine.exe
c:\vsdev\computergraphics\vs2019\insightengine\debug\insightengine.ilk
c:\vsdev\computergraphics\vs2019\insightengine\debug\insightengine.pdb
c:\vsdev\computergraphics\vs2019\insightengine\insightengine\debug\insightengine.pch
c:\vsdev\computergraphics\vs2019\insightengine\insightengine\debug\insightengine.tlog\cl.command.1.tlog
c:\vsdev\computergraphics\vs2019\insightengine\insightengine\debug\insightengine.tlog\cl.read.1.tlog
c:\vsdev\computergraphics\vs2019\insightengine\insightengine\debug\insightengine.tlog\cl.write.1.tlog
c:\vsdev\computergraphics\vs2019\insightengine\insightengine\debug\insightengine.tlog\link.20208-cvtres.read.1.tlog
c:\vsdev\computergraphics\vs2019\insightengine\insightengine\debug\insightengine.tlog\link.20208-cvtres.write.1.tlog
c:\vsdev\computergraphics\vs2019\insightengine\insightengine\debug\insightengine.tlog\link.20208-rc.read.1.tlog
c:\vsdev\computergraphics\vs2019\insightengine\insightengine\debug\insightengine.tlog\link.20208-rc.write.1.tlog
c:\vsdev\computergraphics\vs2019\insightengine\insightengine\debug\insightengine.tlog\link.20208.read.1.tlog
c:\vsdev\computergraphics\vs2019\insightengine\insightengine\debug\insightengine.tlog\link.20208.write.1.tlog
c:\vsdev\computergraphics\vs2019\insightengine\insightengine\debug\insightengine.tlog\link.command.1.tlog
c:\vsdev\computergraphics\vs2019\insightengine\insightengine\debug\insightengine.tlog\link.read.1.tlog
c:\vsdev\computergraphics\vs2019\insightengine\insightengine\debug\insightengine.tlog\link.write.1.tlog
